This file contains any messages produced by compilers while
running configure, to aid debugging if configure makes a mistake.

It was created by MPEG Audio Decoder configure 0.15.1b, which was
generated by GNU Autoconf 2.59.  Invocation command line was

  $ ./configure CFLAGS=-m32 -arch i386 LDFLAGS=-L/usr/local/lib CPPFLAGS=-I/path/to/your/libmad-0.15.1b -I/path/to/your/lame-3.99.5/include --with-mad --with-lame

## --------- ##
## Platform. ##
## --------- ##

hostname = Nakuls-MacBook-Pro.local
uname -m = x86_64
uname -r = 16.4.0
uname -s = Darwin
uname -v = Darwin Kernel Version 16.4.0: Thu Dec 22 22:53:21 PST 2016; root:xnu-3789.41.3~3/RELEASE_X86_64

/usr/bin/uname -p = i386
/bin/uname -X     = unknown

/bin/arch              = unknown
/usr/bin/arch -k       = unknown
/usr/convex/getsysinfo = unknown
hostinfo               = Mach kernel version:
	 Darwin Kernel Version 16.4.0: Thu Dec 22 22:53:21 PST 2016; root:xnu-3789.41.3~3/RELEASE_X86_64
Kernel configured for up to 4 processors.
2 processors are physically available.
4 processors are logically available.
Processor type: x86_64h (Intel x86-64h Haswell)
Processors active: 0 1 2 3
Primary memory available: 8.00 gigabytes
Default processor set: 299 tasks, 1717 threads, 4 processors
Load average: 1.62, Mach factor: 2.39
/bin/machine           = unknown
/usr/bin/oslevel       = unknown
/bin/universe          = unknown

PATH: /usr/local/bin
PATH: /usr/bin
PATH: /bin
PATH: /usr/sbin
PATH: /sbin


## ----------- ##
## Core tests. ##
## ----------- ##

configure:1577: checking for a BSD-compatible install
configure:1632: result: /usr/bin/install -c
configure:1643: checking whether build environment is sane
configure:1686: result: yes
configure:1743: checking for gawk
configure:1772: result: no
configure:1743: checking for mawk
configure:1772: result: no
configure:1743: checking for nawk
configure:1772: result: no
configure:1743: checking for awk
configure:1759: found /usr/bin/awk
configure:1769: result: awk
configure:1779: checking whether make sets $(MAKE)
configure:1799: result: yes
configure:1974: checking build system type
configure:1992: result: i686-apple-darwin16.4.0
configure:2000: checking host system type
configure:2014: result: i686-apple-darwin16.4.0
configure:2070: checking for gcc
configure:2086: found /usr/bin/gcc
configure:2096: result: gcc
configure:2340: checking for C compiler version
configure:2343: gcc --version </dev/null >&5
Configured with: --prefix=/Applications/Xcode.app/Contents/Developer/usr --with-gxx-include-dir=/usr/include/c++/4.2.1
Apple LLVM version 8.0.0 (clang-800.0.42.1)
Target: x86_64-apple-darwin16.4.0
Thread model: posix
InstalledDir: /Applications/Xcode.app/Contents/Developer/Toolchains/XcodeDefault.xctoolchain/usr/bin
configure:2346: $? = 0
configure:2348: gcc -v </dev/null >&5
Configured with: --prefix=/Applications/Xcode.app/Contents/Developer/usr --with-gxx-include-dir=/usr/include/c++/4.2.1
Apple LLVM version 8.0.0 (clang-800.0.42.1)
Target: x86_64-apple-darwin16.4.0
Thread model: posix
InstalledDir: /Applications/Xcode.app/Contents/Developer/Toolchains/XcodeDefault.xctoolchain/usr/bin
configure:2351: $? = 0
configure:2353: gcc -V </dev/null >&5
clang: error: argument to '-V' is missing (expected 1 value)
clang: error: no input files
configure:2356: $? = 1
configure:2379: checking for C compiler default output file name
configure:2382: gcc -m32 -arch i386 -I/path/to/your/libmad-0.15.1b -I/path/to/your/lame-3.99.5/include -L/usr/local/lib conftest.c  >&5
configure:2385: $? = 0
configure:2431: result: a.out
configure:2436: checking whether the C compiler works
configure:2442: ./a.out
configure:2445: $? = 0
configure:2462: result: yes
configure:2469: checking whether we are cross compiling
configure:2471: result: no
configure:2474: checking for suffix of executables
configure:2476: gcc -o conftest -m32 -arch i386 -I/path/to/your/libmad-0.15.1b -I/path/to/your/lame-3.99.5/include -L/usr/local/lib conftest.c  >&5
configure:2479: $? = 0
configure:2504: result: 
configure:2510: checking for suffix of object files
configure:2531: gcc -c -m32 -arch i386 -I/path/to/your/libmad-0.15.1b -I/path/to/your/lame-3.99.5/include conftest.c >&5
configure:2534: $? = 0
configure:2556: result: o
configure:2560: checking whether we are using the GNU C compiler
configure:2584: gcc -c -m32 -arch i386 -I/path/to/your/libmad-0.15.1b -I/path/to/your/lame-3.99.5/include conftest.c >&5
configure:2590: $? = 0
configure:2593: test -z 			 || test ! -s conftest.err
configure:2596: $? = 0
configure:2599: test -s conftest.o
configure:2602: $? = 0
configure:2615: result: yes
configure:2621: checking whether gcc accepts -g
configure:2642: gcc -c -g -I/path/to/your/libmad-0.15.1b -I/path/to/your/lame-3.99.5/include conftest.c >&5
configure:2648: $? = 0
configure:2651: test -z 			 || test ! -s conftest.err
configure:2654: $? = 0
configure:2657: test -s conftest.o
configure:2660: $? = 0
configure:2671: result: yes
configure:2688: checking for gcc option to accept ANSI C
configure:2758: gcc  -c -m32 -arch i386 -I/path/to/your/libmad-0.15.1b -I/path/to/your/lame-3.99.5/include conftest.c >&5
configure:2764: $? = 0
configure:2767: test -z 			 || test ! -s conftest.err
configure:2770: $? = 0
configure:2773: test -s conftest.o
configure:2776: $? = 0
configure:2794: result: none needed
configure:2812: gcc -c -m32 -arch i386 -I/path/to/your/libmad-0.15.1b -I/path/to/your/lame-3.99.5/include conftest.c >&5
conftest.c:2:3: error: unknown type name 'choke'
  choke me
  ^
conftest.c:2:11: error: expected ';' after top level declarator
  choke me
          ^
          ;
2 errors generated.
configure:2818: $? = 1
configure: failed program was:
| #ifndef __cplusplus
|   choke me
| #endif
configure:2959: checking for style of include used by make
configure:2987: result: GNU
configure:3015: checking dependency style of gcc
configure:3098: result: gcc3
configure:3210: checking for a sed that does not truncate output
configure:3264: result: /usr/bin/sed
configure:3267: checking for egrep
configure:3277: result: grep -E
configure:3293: checking for ld used by gcc
configure:3360: result: /Applications/Xcode.app/Contents/Developer/Toolchains/XcodeDefault.xctoolchain/usr/bin/ld
configure:3369: checking if the linker (/Applications/Xcode.app/Contents/Developer/Toolchains/XcodeDefault.xctoolchain/usr/bin/ld) is GNU ld
configure:3384: result: no
configure:3389: checking for /Applications/Xcode.app/Contents/Developer/Toolchains/XcodeDefault.xctoolchain/usr/bin/ld option to reload object files
configure:3396: result: -r
configure:3405: checking for BSD-compatible nm
configure:3447: result: /usr/bin/nm -B
configure:3451: checking whether ln -s works
configure:3455: result: yes
configure:3462: checking how to recognise dependent libraries
configure:3636: result: pass_all
configure:3849: checking how to run the C preprocessor
configure:3884: gcc -E -I/path/to/your/libmad-0.15.1b -I/path/to/your/lame-3.99.5/include conftest.c
configure:3890: $? = 0
configure:3922: gcc -E -I/path/to/your/libmad-0.15.1b -I/path/to/your/lame-3.99.5/include conftest.c
conftest.c:11:10: fatal error: 'ac_nonexistent.h' file not found
#include <ac_nonexistent.h>
         ^
1 error generated.
configure:3928: $? = 1
configure: failed program was:
| /* confdefs.h.  */
| 
| #define PACKAGE_NAME "MPEG Audio Decoder"
| #define PACKAGE_TARNAME "libmad"
| #define PACKAGE_VERSION "0.15.1b"
| #define PACKAGE_STRING "MPEG Audio Decoder 0.15.1b"
| #define PACKAGE_BUGREPORT "support@underbit.com"
| #define PACKAGE "libmad"
| #define VERSION "0.15.1b"
| /* end confdefs.h.  */
| #include <ac_nonexistent.h>
configure:3967: result: gcc -E
configure:3991: gcc -E -I/path/to/your/libmad-0.15.1b -I/path/to/your/lame-3.99.5/include conftest.c
configure:3997: $? = 0
configure:4029: gcc -E -I/path/to/your/libmad-0.15.1b -I/path/to/your/lame-3.99.5/include conftest.c
conftest.c:11:10: fatal error: 'ac_nonexistent.h' file not found
#include <ac_nonexistent.h>
         ^
1 error generated.
configure:4035: $? = 1
configure: failed program was:
| /* confdefs.h.  */
| 
| #define PACKAGE_NAME "MPEG Audio Decoder"
| #define PACKAGE_TARNAME "libmad"
| #define PACKAGE_VERSION "0.15.1b"
| #define PACKAGE_STRING "MPEG Audio Decoder 0.15.1b"
| #define PACKAGE_BUGREPORT "support@underbit.com"
| #define PACKAGE "libmad"
| #define VERSION "0.15.1b"
| /* end confdefs.h.  */
| #include <ac_nonexistent.h>
configure:4079: checking for ANSI C header files
configure:4104: gcc -c -m32 -arch i386 -I/path/to/your/libmad-0.15.1b -I/path/to/your/lame-3.99.5/include conftest.c >&5
configure:4110: $? = 0
configure:4113: test -z 			 || test ! -s conftest.err
configure:4116: $? = 0
configure:4119: test -s conftest.o
configure:4122: $? = 0
configure:4211: gcc -o conftest -m32 -arch i386 -I/path/to/your/libmad-0.15.1b -I/path/to/your/lame-3.99.5/include -L/usr/local/lib conftest.c  >&5
conftest.c:28:7: warning: implicitly declaring library function 'exit' with type 'void (int) __attribute__((noreturn))' [-Wimplicit-function-declaration]
      exit(2);
      ^
conftest.c:28:7: note: include the header <stdlib.h> or explicitly provide a declaration for 'exit'
1 warning generated.
configure:4214: $? = 0
configure:4216: ./conftest
configure:4219: $? = 0
configure:4234: result: yes
configure:4258: checking for sys/types.h
configure:4274: gcc -c -m32 -arch i386 -I/path/to/your/libmad-0.15.1b -I/path/to/your/lame-3.99.5/include conftest.c >&5
configure:4280: $? = 0
configure:4283: test -z 			 || test ! -s conftest.err
configure:4286: $? = 0
configure:4289: test -s conftest.o
configure:4292: $? = 0
configure:4303: result: yes
configure:4258: checking for sys/stat.h
configure:4274: gcc -c -m32 -arch i386 -I/path/to/your/libmad-0.15.1b -I/path/to/your/lame-3.99.5/include conftest.c >&5
configure:4280: $? = 0
configure:4283: test -z 			 || test ! -s conftest.err
configure:4286: $? = 0
configure:4289: test -s conftest.o
configure:4292: $? = 0
configure:4303: result: yes
configure:4258: checking for stdlib.h
configure:4274: gcc -c -m32 -arch i386 -I/path/to/your/libmad-0.15.1b -I/path/to/your/lame-3.99.5/include conftest.c >&5
configure:4280: $? = 0
configure:4283: test -z 			 || test ! -s conftest.err
configure:4286: $? = 0
configure:4289: test -s conftest.o
configure:4292: $? = 0
configure:4303: result: yes
configure:4258: checking for string.h
configure:4274: gcc -c -m32 -arch i386 -I/path/to/your/libmad-0.15.1b -I/path/to/your/lame-3.99.5/include conftest.c >&5
configure:4280: $? = 0
configure:4283: test -z 			 || test ! -s conftest.err
configure:4286: $? = 0
configure:4289: test -s conftest.o
configure:4292: $? = 0
configure:4303: result: yes
configure:4258: checking for memory.h
configure:4274: gcc -c -m32 -arch i386 -I/path/to/your/libmad-0.15.1b -I/path/to/your/lame-3.99.5/include conftest.c >&5
configure:4280: $? = 0
configure:4283: test -z 			 || test ! -s conftest.err
configure:4286: $? = 0
configure:4289: test -s conftest.o
configure:4292: $? = 0
configure:4303: result: yes
configure:4258: checking for strings.h
configure:4274: gcc -c -m32 -arch i386 -I/path/to/your/libmad-0.15.1b -I/path/to/your/lame-3.99.5/include conftest.c >&5
configure:4280: $? = 0
configure:4283: test -z 			 || test ! -s conftest.err
configure:4286: $? = 0
configure:4289: test -s conftest.o
configure:4292: $? = 0
configure:4303: result: yes
configure:4258: checking for inttypes.h
configure:4274: gcc -c -m32 -arch i386 -I/path/to/your/libmad-0.15.1b -I/path/to/your/lame-3.99.5/include conftest.c >&5
configure:4280: $? = 0
configure:4283: test -z 			 || test ! -s conftest.err
configure:4286: $? = 0
configure:4289: test -s conftest.o
configure:4292: $? = 0
configure:4303: result: yes
configure:4258: checking for stdint.h
configure:4274: gcc -c -m32 -arch i386 -I/path/to/your/libmad-0.15.1b -I/path/to/your/lame-3.99.5/include conftest.c >&5
configure:4280: $? = 0
configure:4283: test -z 			 || test ! -s conftest.err
configure:4286: $? = 0
configure:4289: test -s conftest.o
configure:4292: $? = 0
configure:4303: result: yes
configure:4258: checking for unistd.h
configure:4274: gcc -c -m32 -arch i386 -I/path/to/your/libmad-0.15.1b -I/path/to/your/lame-3.99.5/include conftest.c >&5
configure:4280: $? = 0
configure:4283: test -z 			 || test ! -s conftest.err
configure:4286: $? = 0
configure:4289: test -s conftest.o
configure:4292: $? = 0
configure:4303: result: yes
configure:4329: checking dlfcn.h usability
configure:4341: gcc -c -m32 -arch i386 -I/path/to/your/libmad-0.15.1b -I/path/to/your/lame-3.99.5/include conftest.c >&5
configure:4347: $? = 0
configure:4350: test -z 			 || test ! -s conftest.err
configure:4353: $? = 0
configure:4356: test -s conftest.o
configure:4359: $? = 0
configure:4369: result: yes
configure:4373: checking dlfcn.h presence
configure:4383: gcc -E -I/path/to/your/libmad-0.15.1b -I/path/to/your/lame-3.99.5/include conftest.c
configure:4389: $? = 0
configure:4409: result: yes
configure:4444: checking for dlfcn.h
configure:4451: result: yes
configure:4516: checking for g++
configure:4532: found /usr/bin/g++
configure:4542: result: g++
configure:4558: checking for C++ compiler version
configure:4561: g++ --version </dev/null >&5
Configured with: --prefix=/Applications/Xcode.app/Contents/Developer/usr --with-gxx-include-dir=/usr/include/c++/4.2.1
Apple LLVM version 8.0.0 (clang-800.0.42.1)
Target: x86_64-apple-darwin16.4.0
Thread model: posix
InstalledDir: /Applications/Xcode.app/Contents/Developer/Toolchains/XcodeDefault.xctoolchain/usr/bin
configure:4564: $? = 0
configure:4566: g++ -v </dev/null >&5
Configured with: --prefix=/Applications/Xcode.app/Contents/Developer/usr --with-gxx-include-dir=/usr/include/c++/4.2.1
Apple LLVM version 8.0.0 (clang-800.0.42.1)
Target: x86_64-apple-darwin16.4.0
Thread model: posix
InstalledDir: /Applications/Xcode.app/Contents/Developer/Toolchains/XcodeDefault.xctoolchain/usr/bin
configure:4569: $? = 0
configure:4571: g++ -V </dev/null >&5
clang: error: argument to '-V' is missing (expected 1 value)
clang: error: no input files
configure:4574: $? = 1
configure:4577: checking whether we are using the GNU C++ compiler
configure:4601: g++ -c  -I/path/to/your/libmad-0.15.1b -I/path/to/your/lame-3.99.5/include conftest.cc >&5
configure:4607: $? = 0
configure:4610: test -z 			 || test ! -s conftest.err
configure:4613: $? = 0
configure:4616: test -s conftest.o
configure:4619: $? = 0
configure:4632: result: yes
configure:4638: checking whether g++ accepts -g
configure:4659: g++ -c -g -I/path/to/your/libmad-0.15.1b -I/path/to/your/lame-3.99.5/include conftest.cc >&5
configure:4665: $? = 0
configure:4668: test -z 			 || test ! -s conftest.err
configure:4671: $? = 0
configure:4674: test -s conftest.o
configure:4677: $? = 0
configure:4688: result: yes
configure:4730: g++ -c -g -O2 -I/path/to/your/libmad-0.15.1b -I/path/to/your/lame-3.99.5/include conftest.cc >&5
configure:4736: $? = 0
configure:4739: test -z 			 || test ! -s conftest.err
configure:4742: $? = 0
configure:4745: test -s conftest.o
configure:4748: $? = 0
configure:4774: g++ -c -g -O2 -I/path/to/your/libmad-0.15.1b -I/path/to/your/lame-3.99.5/include conftest.cc >&5
conftest.cc:26:1: error: use of undeclared identifier 'exit'
exit (42);
^
1 error generated.
configure:4780: $? = 1
configure: failed program was:
| /* confdefs.h.  */
| 
| #define PACKAGE_NAME "MPEG Audio Decoder"
| #define PACKAGE_TARNAME "libmad"
| #define PACKAGE_VERSION "0.15.1b"
| #define PACKAGE_STRING "MPEG Audio Decoder 0.15.1b"
| #define PACKAGE_BUGREPORT "support@underbit.com"
| #define PACKAGE "libmad"
| #define VERSION "0.15.1b"
| #define STDC_HEADERS 1
| #define HAVE_SYS_TYPES_H 1
| #define HAVE_SYS_STAT_H 1
| #define HAVE_STDLIB_H 1
| #define HAVE_STRING_H 1
| #define HAVE_MEMORY_H 1
| #define HAVE_STRINGS_H 1
| #define HAVE_INTTYPES_H 1
| #define HAVE_STDINT_H 1
| #define HAVE_UNISTD_H 1
| #define HAVE_DLFCN_H 1
| /* end confdefs.h.  */
| 
| int
| main ()
| {
| exit (42);
|   ;
|   return 0;
| }
configure:4730: g++ -c -g -O2 -I/path/to/your/libmad-0.15.1b -I/path/to/your/lame-3.99.5/include conftest.cc >&5
conftest.cc:22:17: error: use of undeclared identifier 'std'
extern "C" void std::exit (int) throw (); using std::exit;
                ^
conftest.cc:22:49: error: use of undeclared identifier 'std'
extern "C" void std::exit (int) throw (); using std::exit;
                                                ^
2 errors generated.
configure:4736: $? = 1
configure: failed program was:
| /* confdefs.h.  */
| 
| #define PACKAGE_NAME "MPEG Audio Decoder"
| #define PACKAGE_TARNAME "libmad"
| #define PACKAGE_VERSION "0.15.1b"
| #define PACKAGE_STRING "MPEG Audio Decoder 0.15.1b"
| #define PACKAGE_BUGREPORT "support@underbit.com"
| #define PACKAGE "libmad"
| #define VERSION "0.15.1b"
| #define STDC_HEADERS 1
| #define HAVE_SYS_TYPES_H 1
| #define HAVE_SYS_STAT_H 1
| #define HAVE_STDLIB_H 1
| #define HAVE_STRING_H 1
| #define HAVE_MEMORY_H 1
| #define HAVE_STRINGS_H 1
| #define HAVE_INTTYPES_H 1
| #define HAVE_STDINT_H 1
| #define HAVE_UNISTD_H 1
| #define HAVE_DLFCN_H 1
| /* end confdefs.h.  */
| extern "C" void std::exit (int) throw (); using std::exit;
| #include <stdlib.h>
| int
| main ()
| {
| exit (42);
|   ;
|   return 0;
| }
configure:4730: g++ -c -g -O2 -I/path/to/your/libmad-0.15.1b -I/path/to/your/lame-3.99.5/include conftest.cc >&5
conftest.cc:22:17: error: use of undeclared identifier 'std'
extern "C" void std::exit (int); using std::exit;
                ^
conftest.cc:22:40: error: use of undeclared identifier 'std'
extern "C" void std::exit (int); using std::exit;
                                       ^
2 errors generated.
configure:4736: $? = 1
configure: failed program was:
| /* confdefs.h.  */
| 
| #define PACKAGE_NAME "MPEG Audio Decoder"
| #define PACKAGE_TARNAME "libmad"
| #define PACKAGE_VERSION "0.15.1b"
| #define PACKAGE_STRING "MPEG Audio Decoder 0.15.1b"
| #define PACKAGE_BUGREPORT "support@underbit.com"
| #define PACKAGE "libmad"
| #define VERSION "0.15.1b"
| #define STDC_HEADERS 1
| #define HAVE_SYS_TYPES_H 1
| #define HAVE_SYS_STAT_H 1
| #define HAVE_STDLIB_H 1
| #define HAVE_STRING_H 1
| #define HAVE_MEMORY_H 1
| #define HAVE_STRINGS_H 1
| #define HAVE_INTTYPES_H 1
| #define HAVE_STDINT_H 1
| #define HAVE_UNISTD_H 1
| #define HAVE_DLFCN_H 1
| /* end confdefs.h.  */
| extern "C" void std::exit (int); using std::exit;
| #include <stdlib.h>
| int
| main ()
| {
| exit (42);
|   ;
|   return 0;
| }
configure:4730: g++ -c -g -O2 -I/path/to/your/libmad-0.15.1b -I/path/to/your/lame-3.99.5/include conftest.cc >&5
In file included from conftest.cc:23:
/usr/include/stdlib.h:142:7: error: 'exit' is missing exception specification 'throw()'
void     exit(int) __dead2;
         ^
conftest.cc:22:17: note: previous declaration is here
extern "C" void exit (int) throw ();
                ^
1 error generated.
configure:4736: $? = 1
configure: failed program was:
| /* confdefs.h.  */
| 
| #define PACKAGE_NAME "MPEG Audio Decoder"
| #define PACKAGE_TARNAME "libmad"
| #define PACKAGE_VERSION "0.15.1b"
| #define PACKAGE_STRING "MPEG Audio Decoder 0.15.1b"
| #define PACKAGE_BUGREPORT "support@underbit.com"
| #define PACKAGE "libmad"
| #define VERSION "0.15.1b"
| #define STDC_HEADERS 1
| #define HAVE_SYS_TYPES_H 1
| #define HAVE_SYS_STAT_H 1
| #define HAVE_STDLIB_H 1
| #define HAVE_STRING_H 1
| #define HAVE_MEMORY_H 1
| #define HAVE_STRINGS_H 1
| #define HAVE_INTTYPES_H 1
| #define HAVE_STDINT_H 1
| #define HAVE_UNISTD_H 1
| #define HAVE_DLFCN_H 1
| /* end confdefs.h.  */
| extern "C" void exit (int) throw ();
| #include <stdlib.h>
| int
| main ()
| {
| exit (42);
|   ;
|   return 0;
| }
configure:4730: g++ -c -g -O2 -I/path/to/your/libmad-0.15.1b -I/path/to/your/lame-3.99.5/include conftest.cc >&5
configure:4736: $? = 0
configure:4739: test -z 			 || test ! -s conftest.err
configure:4742: $? = 0
configure:4745: test -s conftest.o
configure:4748: $? = 0
configure:4774: g++ -c -g -O2 -I/path/to/your/libmad-0.15.1b -I/path/to/your/lame-3.99.5/include conftest.cc >&5
configure:4780: $? = 0
configure:4783: test -z 			 || test ! -s conftest.err
configure:4786: $? = 0
configure:4789: test -s conftest.o
configure:4792: $? = 0
configure:4817: checking dependency style of g++
configure:4900: result: gcc3
configure:4922: checking how to run the C++ preprocessor
configure:4953: g++ -E -I/path/to/your/libmad-0.15.1b -I/path/to/your/lame-3.99.5/include conftest.cc
configure:4959: $? = 0
configure:4991: g++ -E -I/path/to/your/libmad-0.15.1b -I/path/to/your/lame-3.99.5/include conftest.cc
conftest.cc:25:10: fatal error: 'ac_nonexistent.h' file not found
#include <ac_nonexistent.h>
         ^
1 error generated.
configure:4997: $? = 1
configure: failed program was:
| /* confdefs.h.  */
| 
| #define PACKAGE_NAME "MPEG Audio Decoder"
| #define PACKAGE_TARNAME "libmad"
| #define PACKAGE_VERSION "0.15.1b"
| #define PACKAGE_STRING "MPEG Audio Decoder 0.15.1b"
| #define PACKAGE_BUGREPORT "support@underbit.com"
| #define PACKAGE "libmad"
| #define VERSION "0.15.1b"
| #define STDC_HEADERS 1
| #define HAVE_SYS_TYPES_H 1
| #define HAVE_SYS_STAT_H 1
| #define HAVE_STDLIB_H 1
| #define HAVE_STRING_H 1
| #define HAVE_MEMORY_H 1
| #define HAVE_STRINGS_H 1
| #define HAVE_INTTYPES_H 1
| #define HAVE_STDINT_H 1
| #define HAVE_UNISTD_H 1
| #define HAVE_DLFCN_H 1
| #ifdef __cplusplus
| extern "C" void exit (int);
| #endif
| /* end confdefs.h.  */
| #include <ac_nonexistent.h>
configure:5036: result: g++ -E
configure:5060: g++ -E -I/path/to/your/libmad-0.15.1b -I/path/to/your/lame-3.99.5/include conftest.cc
configure:5066: $? = 0
configure:5098: g++ -E -I/path/to/your/libmad-0.15.1b -I/path/to/your/lame-3.99.5/include conftest.cc
conftest.cc:25:10: fatal error: 'ac_nonexistent.h' file not found
#include <ac_nonexistent.h>
         ^
1 error generated.
configure:5104: $? = 1
configure: failed program was:
| /* confdefs.h.  */
| 
| #define PACKAGE_NAME "MPEG Audio Decoder"
| #define PACKAGE_TARNAME "libmad"
| #define PACKAGE_VERSION "0.15.1b"
| #define PACKAGE_STRING "MPEG Audio Decoder 0.15.1b"
| #define PACKAGE_BUGREPORT "support@underbit.com"
| #define PACKAGE "libmad"
| #define VERSION "0.15.1b"
| #define STDC_HEADERS 1
| #define HAVE_SYS_TYPES_H 1
| #define HAVE_SYS_STAT_H 1
| #define HAVE_STDLIB_H 1
| #define HAVE_STRING_H 1
| #define HAVE_MEMORY_H 1
| #define HAVE_STRINGS_H 1
| #define HAVE_INTTYPES_H 1
| #define HAVE_STDINT_H 1
| #define HAVE_UNISTD_H 1
| #define HAVE_DLFCN_H 1
| #ifdef __cplusplus
| extern "C" void exit (int);
| #endif
| /* end confdefs.h.  */
| #include <ac_nonexistent.h>
configure:5199: checking for g77
configure:5228: result: no
configure:5199: checking for f77
configure:5228: result: no
configure:5199: checking for xlf
configure:5228: result: no
configure:5199: checking for frt
configure:5228: result: no
configure:5199: checking for pgf77
configure:5228: result: no
configure:5199: checking for fort77
configure:5228: result: no
configure:5199: checking for fl32
configure:5228: result: no
configure:5199: checking for af77
configure:5228: result: no
configure:5199: checking for f90
configure:5228: result: no
configure:5199: checking for xlf90
configure:5228: result: no
configure:5199: checking for pgf90
configure:5228: result: no
configure:5199: checking for epcf90
configure:5228: result: no
configure:5199: checking for f95
configure:5228: result: no
configure:5199: checking for fort
configure:5228: result: no
configure:5199: checking for xlf95
configure:5228: result: no
configure:5199: checking for ifc
configure:5228: result: no
configure:5199: checking for efc
configure:5228: result: no
configure:5199: checking for pgf95
configure:5228: result: no
configure:5199: checking for lf95
configure:5228: result: no
configure:5199: checking for gfortran
configure:5215: found /usr/local/bin/gfortran
configure:5225: result: gfortran
configure:5240: checking for Fortran 77 compiler version
configure:5243: gfortran --version </dev/null >&5
GNU Fortran (Homebrew GCC 6.3.0_1) 6.3.0
Copyright (C) 2016 Free Software Foundation, Inc.
This is free software; see the source for copying conditions.  There is NO
warranty; not even for MERCHANTABILITY or FITNESS FOR A PARTICULAR PURPOSE.

configure:5246: $? = 0
configure:5248: gfortran -v </dev/null >&5
Using built-in specs.
COLLECT_GCC=gfortran
COLLECT_LTO_WRAPPER=/usr/local/Cellar/gcc/6.3.0_1/libexec/gcc/x86_64-apple-darwin16.4.0/6.3.0/lto-wrapper
Target: x86_64-apple-darwin16.4.0
Configured with: ../configure --build=x86_64-apple-darwin16.4.0 --prefix=/usr/local/Cellar/gcc/6.3.0_1 --libdir=/usr/local/Cellar/gcc/6.3.0_1/lib/gcc/6 --enable-languages=c,c++,objc,obj-c++,fortran --program-suffix=-6 --with-gmp=/usr/local/opt/gmp --with-mpfr=/usr/local/opt/mpfr --with-mpc=/usr/local/opt/libmpc --with-isl=/usr/local/opt/isl --with-system-zlib --enable-stage1-checking --enable-checking=release --enable-lto --with-build-config=bootstrap-debug --disable-werror --with-pkgversion='Homebrew GCC 6.3.0_1' --with-bugurl=https://github.com/Homebrew/homebrew-core/issues --disable-nls --enable-multilib --with-native-system-header-dir=/usr/include --with-sysroot=/Applications/Xcode.app/Contents/Developer/Platforms/MacOSX.platform/Developer/SDKs/MacOSX10.12.sdk
Thread model: posix
gcc version 6.3.0 (Homebrew GCC 6.3.0_1) 
configure:5251: $? = 0
configure:5253: gfortran -V </dev/null >&5
gfortran: error: unrecognized command line option '-V'
gfortran: fatal error: no input files
compilation terminated.
configure:5256: $? = 1
configure:5264: checking whether we are using the GNU Fortran 77 compiler
configure:5278: gfortran -c  conftest.F >&5
configure:5284: $? = 0
configure:5287: test -z 			 || test ! -s conftest.err
configure:5290: $? = 0
configure:5293: test -s conftest.o
configure:5296: $? = 0
configure:5309: result: yes
configure:5315: checking whether gfortran accepts -g
configure:5327: gfortran -c -g conftest.f >&5
configure:5333: $? = 0
configure:5336: test -z 			 || test ! -s conftest.err
configure:5339: $? = 0
configure:5342: test -s conftest.o
configure:5345: $? = 0
configure:5357: result: yes
configure:5387: checking the maximum length of command line arguments
configure:5452: result: 65536
configure:5463: checking command to parse /usr/bin/nm -B output from gcc object
configure:5552: gcc -c -m32 -arch i386 -I/path/to/your/libmad-0.15.1b -I/path/to/your/lame-3.99.5/include conftest.c >&5
configure:5555: $? = 0
configure:5559: /usr/bin/nm -B conftest.o \| sed -n -e 's/^.*[ 	]\([BCDEGRST][BCDEGRST]*\)[ 	][ 	]*\(\)\([_A-Za-z][_A-Za-z0-9]*\)$/\1 \2\3 \3/p' \> conftest.nm
configure:5562: $? = 0
cannot find nm_test_var in conftest.nm
configure:5552: gcc -c -m32 -arch i386 -I/path/to/your/libmad-0.15.1b -I/path/to/your/lame-3.99.5/include conftest.c >&5
configure:5555: $? = 0
configure:5559: /usr/bin/nm -B conftest.o \| sed -n -e 's/^.*[ 	]\([BCDEGRST][BCDEGRST]*\)[ 	][ 	]*\(_\)\([_A-Za-z][_A-Za-z0-9]*\)$/\1 \2\3 \3/p' \> conftest.nm
configure:5562: $? = 0
configure:5614: gcc -o conftest -m32 -arch i386 -I/path/to/your/libmad-0.15.1b -I/path/to/your/lame-3.99.5/include -L/usr/local/lib conftest.c conftstm.o >&5
configure:5617: $? = 0
configure:5655: result: ok
configure:5659: checking for objdir
configure:5674: result: .libs
configure:5764: checking for ar
configure:5780: found /usr/bin/ar
configure:5791: result: ar
configure:5844: checking for ranlib
configure:5860: found /usr/bin/ranlib
configure:5871: result: ranlib
configure:5924: checking for strip
configure:5940: found /usr/bin/strip
configure:5951: result: strip
configure:6213: checking if gcc static flag  works
configure:6236: result: yes
configure:6254: checking if gcc supports -fno-rtti -fno-exceptions
configure:6272: gcc -c -m32 -arch i386 -I/path/to/your/libmad-0.15.1b -I/path/to/your/lame-3.99.5/include -fno-rtti -fno-exceptions conftest.c >&5
configure:6276: $? = 0
configure:6287: result: yes
configure:6302: checking for gcc option to produce PIC
configure:6479: result: -fno-common
configure:6487: checking if gcc PIC flag -fno-common works
configure:6505: gcc -c -m32 -arch i386 -I/path/to/your/libmad-0.15.1b -I/path/to/your/lame-3.99.5/include -fno-common -DPIC conftest.c >&5
configure:6509: $? = 0
configure:6520: result: yes
configure:6544: checking if gcc supports -c -o file.o
configure:6565: gcc -c -m32 -arch i386 -I/path/to/your/libmad-0.15.1b -I/path/to/your/lame-3.99.5/include -o out/conftest2.o conftest.c >&5
configure:6569: $? = 0
configure:6589: result: yes
configure:6615: checking whether the gcc linker (/Applications/Xcode.app/Contents/Developer/Toolchains/XcodeDefault.xctoolchain/usr/bin/ld) supports shared libraries
configure:7461: result: yes
configure:7532: checking dynamic linker characteristics
configure:8072: result: darwin16.4.0 dyld
configure:8076: checking how to hardcode library paths into programs
configure:8101: result: immediate
configure:8115: checking whether stripping libraries is possible
configure:8128: result: yes
configure:8943: checking if libtool supports shared libraries
configure:8945: result: yes
configure:8948: checking whether to build shared libraries
configure:9006: result: yes
configure:9009: checking whether to build static libraries
configure:9013: result: yes
configure:9105: creating libtool
configure:9652: checking for ld used by g++
configure:9719: result: /Applications/Xcode.app/Contents/Developer/Toolchains/XcodeDefault.xctoolchain/usr/bin/ld
configure:9728: checking if the linker (/Applications/Xcode.app/Contents/Developer/Toolchains/XcodeDefault.xctoolchain/usr/bin/ld) is GNU ld
configure:9743: result: no
configure:9794: checking whether the g++ linker (/Applications/Xcode.app/Contents/Developer/Toolchains/XcodeDefault.xctoolchain/usr/bin/ld) supports shared libraries
configure:10620: result: yes
configure:10638: g++ -c -g -O2 -I/path/to/your/libmad-0.15.1b -I/path/to/your/lame-3.99.5/include conftest.cc >&5
configure:10641: $? = 0
configure:10737: checking for g++ option to produce PIC
configure:10989: result: -fno-common
configure:10997: checking if g++ PIC flag -fno-common works
configure:11015: g++ -c -g -O2 -I/path/to/your/libmad-0.15.1b -I/path/to/your/lame-3.99.5/include -fno-common -DPIC conftest.cc >&5
configure:11019: $? = 0
configure:11030: result: yes
configure:11054: checking if g++ supports -c -o file.o
configure:11075: g++ -c -g -O2 -I/path/to/your/libmad-0.15.1b -I/path/to/your/lame-3.99.5/include -o out/conftest2.o conftest.cc >&5
configure:11079: $? = 0
configure:11099: result: yes
configure:11125: checking whether the g++ linker (/Applications/Xcode.app/Contents/Developer/Toolchains/XcodeDefault.xctoolchain/usr/bin/ld) supports shared libraries
configure:11150: result: yes
configure:11221: checking dynamic linker characteristics
configure:11761: result: darwin16.4.0 dyld
configure:11765: checking how to hardcode library paths into programs
configure:11790: result: immediate
configure:11804: checking whether stripping libraries is possible
configure:11817: result: yes
configure:13109: checking if libtool supports shared libraries
configure:13111: result: yes
configure:13114: checking whether to build shared libraries
configure:13132: result: yes
configure:13135: checking whether to build static libraries
configure:13139: result: yes
configure:13151: checking for gfortran option to produce PIC
configure:13328: result: -fno-common
configure:13336: checking if gfortran PIC flag -fno-common works
configure:13354: gfortran -c -g -O2 -fno-common conftest.f >&5
configure:13358: $? = 0
configure:13369: result: yes
configure:13393: checking if gfortran supports -c -o file.o
configure:13414: gfortran -c -g -O2 -o out/conftest2.o conftest.f >&5
configure:13418: $? = 0
configure:13438: result: yes
configure:13464: checking whether the gfortran linker (/Applications/Xcode.app/Contents/Developer/Toolchains/XcodeDefault.xctoolchain/usr/bin/ld) supports shared libraries
configure:14290: result: yes
configure:14361: checking dynamic linker characteristics
configure:14901: result: darwin16.4.0 dyld
configure:14905: checking how to hardcode library paths into programs
configure:14930: result: immediate
configure:14944: checking whether stripping libraries is possible
configure:14957: result: yes
configure:19171: checking for ANSI C header files
configure:19326: result: yes
configure:19336: checking for sys/wait.h that is POSIX.1 compatible
configure:19367: gcc -c -Wall -arch i386 -I/path/to/your/libmad-0.15.1b -I/path/to/your/lame-3.99.5/include conftest.c >&5
configure:19373: $? = 0
configure:19376: test -z 			 || test ! -s conftest.err
configure:19379: $? = 0
configure:19382: test -s conftest.o
configure:19385: $? = 0
configure:19396: result: yes
configure:19425: checking assert.h usability
configure:19437: gcc -c -Wall -arch i386 -I/path/to/your/libmad-0.15.1b -I/path/to/your/lame-3.99.5/include conftest.c >&5
configure:19443: $? = 0
configure:19446: test -z 			 || test ! -s conftest.err
configure:19449: $? = 0
configure:19452: test -s conftest.o
configure:19455: $? = 0
configure:19465: result: yes
configure:19469: checking assert.h presence
configure:19479: gcc -E -I/path/to/your/libmad-0.15.1b -I/path/to/your/lame-3.99.5/include conftest.c
configure:19485: $? = 0
configure:19505: result: yes
configure:19540: checking for assert.h
configure:19547: result: yes
configure:19425: checking limits.h usability
configure:19437: gcc -c -Wall -arch i386 -I/path/to/your/libmad-0.15.1b -I/path/to/your/lame-3.99.5/include conftest.c >&5
configure:19443: $? = 0
configure:19446: test -z 			 || test ! -s conftest.err
configure:19449: $? = 0
configure:19452: test -s conftest.o
configure:19455: $? = 0
configure:19465: result: yes
configure:19469: checking limits.h presence
configure:19479: gcc -E -I/path/to/your/libmad-0.15.1b -I/path/to/your/lame-3.99.5/include conftest.c
configure:19485: $? = 0
configure:19505: result: yes
configure:19540: checking for limits.h
configure:19547: result: yes
configure:19416: checking for unistd.h
configure:19421: result: yes
configure:19416: checking for sys/types.h
configure:19421: result: yes
configure:19425: checking fcntl.h usability
configure:19437: gcc -c -Wall -arch i386 -I/path/to/your/libmad-0.15.1b -I/path/to/your/lame-3.99.5/include conftest.c >&5
configure:19443: $? = 0
configure:19446: test -z 			 || test ! -s conftest.err
configure:19449: $? = 0
configure:19452: test -s conftest.o
configure:19455: $? = 0
configure:19465: result: yes
configure:19469: checking fcntl.h presence
configure:19479: gcc -E -I/path/to/your/libmad-0.15.1b -I/path/to/your/lame-3.99.5/include conftest.c
configure:19485: $? = 0
configure:19505: result: yes
configure:19540: checking for fcntl.h
configure:19547: result: yes
configure:19425: checking errno.h usability
configure:19437: gcc -c -Wall -arch i386 -I/path/to/your/libmad-0.15.1b -I/path/to/your/lame-3.99.5/include conftest.c >&5
configure:19443: $? = 0
configure:19446: test -z 			 || test ! -s conftest.err
configure:19449: $? = 0
configure:19452: test -s conftest.o
configure:19455: $? = 0
configure:19465: result: yes
configure:19469: checking errno.h presence
configure:19479: gcc -E -I/path/to/your/libmad-0.15.1b -I/path/to/your/lame-3.99.5/include conftest.c
configure:19485: $? = 0
configure:19505: result: yes
configure:19540: checking for errno.h
configure:19547: result: yes
configure:19562: checking for an ANSI C-conforming const
configure:19629: gcc -c -Wall -arch i386 -I/path/to/your/libmad-0.15.1b -I/path/to/your/lame-3.99.5/include conftest.c >&5
conftest.c:60:17: warning: unused variable 's' [-Wunused-variable]
    char const *s = 0 ? (char *) 0 : (char const *) 0;
                ^
conftest.c:80:15: warning: unused variable 'foo' [-Wunused-variable]
    const int foo = 10;
              ^
conftest.c:41:17: warning: unused variable 'x' [-Wunused-variable]
  const charset x;
                ^
conftest.c:47:29: warning: unused variable 'zero' [-Wunused-variable]
  static struct point const zero = {0,0};
                            ^
conftest.c:62:6: warning: variable 't' is uninitialized when used here [-Wuninitialized]
    *t++ = 0;
     ^
conftest.c:59:12: note: initialize the variable 't' to silence this warning
    char *t;
           ^
            = 0
conftest.c:77:18: warning: variable 'b' is uninitialized when used here [-Wuninitialized]
    struct s *b; b->j = 5;
                 ^
conftest.c:77:16: note: initialize the variable 'b' to silence this warning
    struct s *b; b->j = 5;
               ^
                = 0
6 warnings generated.
configure:19635: $? = 0
configure:19638: test -z 			 || test ! -s conftest.err
configure:19641: $? = 0
configure:19644: test -s conftest.o
configure:19647: $? = 0
configure:19658: result: yes
configure:19668: checking for inline
configure:19689: gcc -c -Wall -arch i386 -I/path/to/your/libmad-0.15.1b -I/path/to/your/lame-3.99.5/include conftest.c >&5
conftest.c:35:21: warning: unused function 'static_foo' [-Wunused-function]
static inline foo_t static_foo () {return 0; }
                    ^
1 warning generated.
configure:19695: $? = 0
configure:19698: test -z 			 || test ! -s conftest.err
configure:19701: $? = 0
configure:19704: test -s conftest.o
configure:19707: $? = 0
configure:19719: result: inline
configure:19738: checking whether byte ordering is bigendian
configure:19765: gcc -c -Wall -arch i386 -I/path/to/your/libmad-0.15.1b -I/path/to/your/lame-3.99.5/include conftest.c >&5
configure:19771: $? = 0
configure:19774: test -z 			 || test ! -s conftest.err
configure:19777: $? = 0
configure:19780: test -s conftest.o
configure:19783: $? = 0
configure:19807: gcc -c -Wall -arch i386 -I/path/to/your/libmad-0.15.1b -I/path/to/your/lame-3.99.5/include conftest.c >&5
conftest.c:40:2: error: use of undeclared identifier 'not'
 not big endian
 ^
1 error generated.
configure:19813: $? = 1
configure: failed program was:
| /* confdefs.h.  */
| 
| #define PACKAGE_NAME "MPEG Audio Decoder"
| #define PACKAGE_TARNAME "libmad"
| #define PACKAGE_VERSION "0.15.1b"
| #define PACKAGE_STRING "MPEG Audio Decoder 0.15.1b"
| #define PACKAGE_BUGREPORT "support@underbit.com"
| #define PACKAGE "libmad"
| #define VERSION "0.15.1b"
| #define STDC_HEADERS 1
| #define HAVE_SYS_TYPES_H 1
| #define HAVE_SYS_STAT_H 1
| #define HAVE_STDLIB_H 1
| #define HAVE_STRING_H 1
| #define HAVE_MEMORY_H 1
| #define HAVE_STRINGS_H 1
| #define HAVE_INTTYPES_H 1
| #define HAVE_STDINT_H 1
| #define HAVE_UNISTD_H 1
| #define HAVE_DLFCN_H 1
| #ifdef __cplusplus
| extern "C" void exit (int);
| #endif
| #define STDC_HEADERS 1
| #define HAVE_SYS_WAIT_H 1
| #define HAVE_ASSERT_H 1
| #define HAVE_LIMITS_H 1
| #define HAVE_UNISTD_H 1
| #define HAVE_SYS_TYPES_H 1
| #define HAVE_FCNTL_H 1
| #define HAVE_ERRNO_H 1
| /* end confdefs.h.  */
| #include <sys/types.h>
| #include <sys/param.h>
| 
| int
| main ()
| {
| #if BYTE_ORDER != BIG_ENDIAN
|  not big endian
| #endif
| 
|   ;
|   return 0;
| }
configure:19946: result: no
configure:19965: checking for pid_t
configure:19989: gcc -c -Wall -arch i386 -I/path/to/your/libmad-0.15.1b -I/path/to/your/lame-3.99.5/include conftest.c >&5
configure:19995: $? = 0
configure:19998: test -z 			 || test ! -s conftest.err
configure:20001: $? = 0
configure:20004: test -s conftest.o
configure:20007: $? = 0
configure:20018: result: yes
configure:20031: checking for int
configure:20055: gcc -c -Wall -arch i386 -I/path/to/your/libmad-0.15.1b -I/path/to/your/lame-3.99.5/include conftest.c >&5
configure:20061: $? = 0
configure:20064: test -z 			 || test ! -s conftest.err
configure:20067: $? = 0
configure:20070: test -s conftest.o
configure:20073: $? = 0
configure:20084: result: yes
configure:20087: checking size of int
configure:20399: gcc -o conftest -Wall -arch i386 -I/path/to/your/libmad-0.15.1b -I/path/to/your/lame-3.99.5/include -L/usr/local/lib conftest.c  >&5
configure:20402: $? = 0
configure:20404: ./conftest
configure:20407: $? = 0
configure:20430: result: 4
configure:20437: checking for long
configure:20461: gcc -c -Wall -arch i386 -I/path/to/your/libmad-0.15.1b -I/path/to/your/lame-3.99.5/include conftest.c >&5
configure:20467: $? = 0
configure:20470: test -z 			 || test ! -s conftest.err
configure:20473: $? = 0
configure:20476: test -s conftest.o
configure:20479: $? = 0
configure:20490: result: yes
configure:20493: checking size of long
configure:20805: gcc -o conftest -Wall -arch i386 -I/path/to/your/libmad-0.15.1b -I/path/to/your/lame-3.99.5/include -L/usr/local/lib conftest.c  >&5
configure:20808: $? = 0
configure:20810: ./conftest
configure:20813: $? = 0
configure:20836: result: 4
configure:20843: checking for long long
configure:20867: gcc -c -Wall -arch i386 -I/path/to/your/libmad-0.15.1b -I/path/to/your/lame-3.99.5/include conftest.c >&5
configure:20873: $? = 0
configure:20876: test -z 			 || test ! -s conftest.err
configure:20879: $? = 0
configure:20882: test -s conftest.o
configure:20885: $? = 0
configure:20896: result: yes
configure:20899: checking size of long long
configure:21211: gcc -o conftest -Wall -arch i386 -I/path/to/your/libmad-0.15.1b -I/path/to/your/lame-3.99.5/include -L/usr/local/lib conftest.c  >&5
configure:21214: $? = 0
configure:21216: ./conftest
configure:21219: $? = 0
configure:21242: result: 8
configure:21258: checking for waitpid
configure:21315: gcc -o conftest -Wall -arch i386 -I/path/to/your/libmad-0.15.1b -I/path/to/your/lame-3.99.5/include -L/usr/local/lib conftest.c  >&5
configure:21321: $? = 0
configure:21324: test -z 			 || test ! -s conftest.err
configure:21327: $? = 0
configure:21330: test -s conftest
configure:21333: $? = 0
configure:21345: result: yes
configure:21258: checking for fcntl
configure:21315: gcc -o conftest -Wall -arch i386 -I/path/to/your/libmad-0.15.1b -I/path/to/your/lame-3.99.5/include -L/usr/local/lib conftest.c  >&5
configure:21321: $? = 0
configure:21324: test -z 			 || test ! -s conftest.err
configure:21327: $? = 0
configure:21330: test -s conftest
configure:21333: $? = 0
configure:21345: result: yes
configure:21258: checking for pipe
configure:21315: gcc -o conftest -Wall -arch i386 -I/path/to/your/libmad-0.15.1b -I/path/to/your/lame-3.99.5/include -L/usr/local/lib conftest.c  >&5
configure:21321: $? = 0
configure:21324: test -z 			 || test ! -s conftest.err
configure:21327: $? = 0
configure:21330: test -s conftest
configure:21333: $? = 0
configure:21345: result: yes
configure:21258: checking for fork
configure:21315: gcc -o conftest -Wall -arch i386 -I/path/to/your/libmad-0.15.1b -I/path/to/your/lame-3.99.5/include -L/usr/local/lib conftest.c  >&5
configure:21321: $? = 0
configure:21324: test -z 			 || test ! -s conftest.err
configure:21327: $? = 0
configure:21330: test -s conftest
configure:21333: $? = 0
configure:21345: result: yes
configure:21417: checking whether to optimize for speed or for accuracy
configure:21459: result: default
configure:21469: checking for architecture-specific fixed-point math routines
configure:21508: result: INTEL
configure:21564: checking for ISO/IEC interpretation
configure:21582: result: best accepted practices
configure:21585: checking whether to enable profiling
configure:21596: result: no
configure:21599: checking whether to enable debugging
configure:21636: result: default
configure:21639: checking whether to enable experimental code
configure:21656: result: no
configure:21784: creating ./config.status

## ---------------------- ##
## Running config.status. ##
## ---------------------- ##

This file was extended by MPEG Audio Decoder config.status 0.15.1b, which was
generated by GNU Autoconf 2.59.  Invocation command line was

  CONFIG_FILES    = 
  CONFIG_HEADERS  = 
  CONFIG_LINKS    = 
  CONFIG_COMMANDS = 
  $ ./config.status 

on Nakuls-MacBook-Pro.local

config.status:759: creating Makefile
config.status:759: creating msvc++/Makefile
config.status:759: creating libmad.list
config.status:825: creating config.h
config.status:1143: executing depfiles commands

## ---------------- ##
## Cache variables. ##
## ---------------- ##

ac_cv_build=i686-apple-darwin16.4.0
ac_cv_build_alias=i686-apple-darwin16.4.0
ac_cv_c_bigendian=no
ac_cv_c_compiler_gnu=yes
ac_cv_c_const=yes
ac_cv_c_inline=inline
ac_cv_cxx_compiler_gnu=yes
ac_cv_env_CCASFLAGS_set=
ac_cv_env_CCASFLAGS_value=
ac_cv_env_CCAS_set=
ac_cv_env_CCAS_value=
ac_cv_env_CC_set=
ac_cv_env_CC_value=
ac_cv_env_CFLAGS_set=set
ac_cv_env_CFLAGS_value='-m32 -arch i386'
ac_cv_env_CPPFLAGS_set=set
ac_cv_env_CPPFLAGS_value='-I/path/to/your/libmad-0.15.1b -I/path/to/your/lame-3.99.5/include'
ac_cv_env_CPP_set=
ac_cv_env_CPP_value=
ac_cv_env_CXXCPP_set=
ac_cv_env_CXXCPP_value=
ac_cv_env_CXXFLAGS_set=
ac_cv_env_CXXFLAGS_value=
ac_cv_env_CXX_set=
ac_cv_env_CXX_value=
ac_cv_env_F77_set=
ac_cv_env_F77_value=
ac_cv_env_FFLAGS_set=
ac_cv_env_FFLAGS_value=
ac_cv_env_LDFLAGS_set=set
ac_cv_env_LDFLAGS_value=-L/usr/local/lib
ac_cv_env_build_alias_set=
ac_cv_env_build_alias_value=
ac_cv_env_host_alias_set=
ac_cv_env_host_alias_value=
ac_cv_env_target_alias_set=
ac_cv_env_target_alias_value=
ac_cv_exeext=
ac_cv_f77_compiler_gnu=yes
ac_cv_func_fcntl=yes
ac_cv_func_fork=yes
ac_cv_func_pipe=yes
ac_cv_func_waitpid=yes
ac_cv_header_assert_h=yes
ac_cv_header_dlfcn_h=yes
ac_cv_header_errno_h=yes
ac_cv_header_fcntl_h=yes
ac_cv_header_inttypes_h=yes
ac_cv_header_limits_h=yes
ac_cv_header_memory_h=yes
ac_cv_header_stdc=yes
ac_cv_header_stdint_h=yes
ac_cv_header_stdlib_h=yes
ac_cv_header_string_h=yes
ac_cv_header_strings_h=yes
ac_cv_header_sys_stat_h=yes
ac_cv_header_sys_types_h=yes
ac_cv_header_sys_wait_h=yes
ac_cv_header_unistd_h=yes
ac_cv_host=i686-apple-darwin16.4.0
ac_cv_host_alias=i686-apple-darwin16.4.0
ac_cv_objext=o
ac_cv_path_install='/usr/bin/install -c'
ac_cv_prog_AWK=awk
ac_cv_prog_CPP='gcc -E'
ac_cv_prog_CXXCPP='g++ -E'
ac_cv_prog_ac_ct_AR=ar
ac_cv_prog_ac_ct_CC=gcc
ac_cv_prog_ac_ct_CXX=g++
ac_cv_prog_ac_ct_F77=gfortran
ac_cv_prog_ac_ct_RANLIB=ranlib
ac_cv_prog_ac_ct_STRIP=strip
ac_cv_prog_cc_g=yes
ac_cv_prog_cc_stdc=
ac_cv_prog_cxx_g=yes
ac_cv_prog_egrep='grep -E'
ac_cv_prog_f77_g=yes
ac_cv_prog_make_make_set=yes
ac_cv_sizeof_int=4
ac_cv_sizeof_long=4
ac_cv_sizeof_long_long=8
ac_cv_type_int=yes
ac_cv_type_long=yes
ac_cv_type_long_long=yes
ac_cv_type_pid_t=yes
am_cv_CC_dependencies_compiler_type=gcc3
am_cv_CXX_dependencies_compiler_type=gcc3
lt_cv_deplibs_check_method=pass_all
lt_cv_file_magic_cmd='$MAGIC_CMD'
lt_cv_file_magic_test_file=
lt_cv_ld_reload_flag=-r
lt_cv_objdir=.libs
lt_cv_path_LD=/Applications/Xcode.app/Contents/Developer/Toolchains/XcodeDefault.xctoolchain/usr/bin/ld
lt_cv_path_LDCXX=/Applications/Xcode.app/Contents/Developer/Toolchains/XcodeDefault.xctoolchain/usr/bin/ld
lt_cv_path_NM='/usr/bin/nm -B'
lt_cv_path_SED=/usr/bin/sed
lt_cv_prog_compiler_c_o=yes
lt_cv_prog_compiler_c_o_CXX=yes
lt_cv_prog_compiler_c_o_F77=yes
lt_cv_prog_compiler_rtti_exceptions=yes
lt_cv_prog_gnu_ld=no
lt_cv_prog_gnu_ldcxx=no
lt_cv_sys_global_symbol_pipe='sed -n -e '\''s/^.*[ 	]\([BCDEGRST][BCDEGRST]*\)[ 	][ 	]*\(_\)\([_A-Za-z][_A-Za-z0-9]*\)$/\1 \2\3 \3/p'\'''
lt_cv_sys_global_symbol_to_c_name_address='sed -n -e '\''s/^: \([^ ]*\) $/  {\"\1\", (lt_ptr) 0},/p'\'' -e '\''s/^[BCDEGRST] \([^ ]*\) \([^ ]*\)$/  {"\2", (lt_ptr) \&\2},/p'\'''
lt_cv_sys_global_symbol_to_cdecl='sed -n -e '\''s/^. .* \(.*\)$/extern int \1;/p'\'''
lt_cv_sys_max_cmd_len=65536
lt_lt_cv_prog_compiler_c_o='"yes"'
lt_lt_cv_prog_compiler_c_o_CXX='"yes"'
lt_lt_cv_prog_compiler_c_o_F77='"yes"'
lt_lt_cv_sys_global_symbol_pipe='"sed -n -e '\''s/^.*[ 	]\\([BCDEGRST][BCDEGRST]*\\)[ 	][ 	]*\\(_\\)\\([_A-Za-z][_A-Za-z0-9]*\\)\$/\\1 \\2\\3 \\3/p'\''"'
lt_lt_cv_sys_global_symbol_to_c_name_address='"sed -n -e '\''s/^: \\([^ ]*\\) \$/  {\\\"\\1\\\", (lt_ptr) 0},/p'\'' -e '\''s/^[BCDEGRST] \\([^ ]*\\) \\([^ ]*\\)\$/  {\"\\2\", (lt_ptr) \\&\\2},/p'\''"'
lt_lt_cv_sys_global_symbol_to_cdecl='"sed -n -e '\''s/^. .* \\(.*\\)\$/extern int \\1;/p'\''"'

## ----------------- ##
## Output variables. ##
## ----------------- ##

ACLOCAL='${SHELL} /Users/nakul/Workspace/plunderphonic/libmad-0.15.1b/missing --run aclocal-1.8'
AMDEPBACKSLASH='\'
AMDEP_FALSE='#'
AMDEP_TRUE=''
AMTAR='${SHELL} /Users/nakul/Workspace/plunderphonic/libmad-0.15.1b/missing --run tar'
AR='ar'
ASO=' -DASO_ZEROCHECK'
ASO_OBJS=''
AUTOCONF='${SHELL} /Users/nakul/Workspace/plunderphonic/libmad-0.15.1b/missing --run autoconf'
AUTOHEADER='${SHELL} /Users/nakul/Workspace/plunderphonic/libmad-0.15.1b/missing --run autoheader'
AUTOMAKE='${SHELL} /Users/nakul/Workspace/plunderphonic/libmad-0.15.1b/missing --run automake-1.8'
AWK='awk'
CC='gcc'
CCAS='gcc'
CCASFLAGS='-m32 -arch i386'
CCDEPMODE='depmode=gcc3'
CFLAGS='-Wall -arch i386  -m32'
CPP='gcc -E'
CPPFLAGS='-I/path/to/your/libmad-0.15.1b -I/path/to/your/lame-3.99.5/include'
CXX='g++'
CXXCPP='g++ -E'
CXXDEPMODE='depmode=gcc3'
CXXFLAGS='-g -O2'
CYGPATH_W='echo'
DEFS='-DHAVE_CONFIG_H'
DEPDIR='.deps'
ECHO='/bin/echo'
ECHO_C='ECHO_N=''
ECHO_T=''
EGREP='grep -E'
EXEEXT=''
F77='gfortran'
FFLAGS='-g -O2'
FPM='-DFPM_INTEL'
INSTALL_DATA='${INSTALL} -m 644'
INSTALL_PROGRAM='${INSTALL}'
INSTALL_SCRIPT='${INSTALL}'
INSTALL_STRIP_PROGRAM='${SHELL} $(install_sh) -c -s'
LDFLAGS='-L/usr/local/lib'
LIBOBJS=''
LIBS=''
LIBTOOL='$(SHELL) $(top_builddir)/libtool'
LIBTOOL_DEPS='./ltmain.sh'
LN_S='ln -s'
LTLIBOBJS=''
MAKEINFO='${SHELL} /Users/nakul/Workspace/plunderphonic/libmad-0.15.1b/missing --run makeinfo'
OBJEXT='o'
PACKAGE='libmad'
PACKAGE_BUGREPORT='support@underbit.com'
PACKAGE_NAME='MPEG Audio Decoder'
PACKAGE_STRING='MPEG Audio Decoder 0.15.1b'
PACKAGE_TARNAME='libmad'
PACKAGE_VERSION='0.15.1b'
PATH_SEPARATOR=':'
RANLIB='ranlib'
SET_MAKE=''
SHELL='/bin/sh'
STRIP='strip'
VERSION='0.15.1b'
ac_ct_AR='ar'
ac_ct_CC='gcc'
ac_ct_CXX='g++'
ac_ct_F77='gfortran'
ac_ct_RANLIB='ranlib'
ac_ct_STRIP='strip'
am__fastdepCC_FALSE='#'
am__fastdepCC_TRUE=''
am__fastdepCXX_FALSE='#'
am__fastdepCXX_TRUE=''
am__include='include'
am__leading_dot='.'
am__quote=''
bindir='${exec_prefix}/bin'
build='i686-apple-darwin16.4.0'
build_alias=''
build_cpu='i686'
build_os='darwin16.4.0'
build_vendor='apple'
datadir='${prefix}/share'
exec_prefix='${prefix}'
host='i686-apple-darwin16.4.0'
host_alias=''
host_cpu='i686'
host_os='darwin16.4.0'
host_vendor='apple'
includedir='${prefix}/include'
infodir='${prefix}/info'
install_sh='/Users/nakul/Workspace/plunderphonic/libmad-0.15.1b/install-sh'
libdir='${exec_prefix}/lib'
libexecdir='${exec_prefix}/libexec'
localstatedir='${prefix}/var'
mandir='${prefix}/man'
mkdir_p='mkdir -p -- .'
oldincludedir='/usr/include'
prefix='/usr/local'
program_transform_name='s,x,x,'
sbindir='${exec_prefix}/sbin'
sharedstatedir='${prefix}/com'
sysconfdir='${prefix}/etc'
target_alias=''

## ----------- ##
## confdefs.h. ##
## ----------- ##

#define HAVE_ASSERT_H 1
#define HAVE_DLFCN_H 1
#define HAVE_ERRNO_H 1
#define HAVE_FCNTL 1
#define HAVE_FCNTL_H 1
#define HAVE_FORK 1
#define HAVE_INTTYPES_H 1
#define HAVE_LIMITS_H 1
#define HAVE_MEMORY_H 1
#define HAVE_PIPE 1
#define HAVE_STDINT_H 1
#define HAVE_STDLIB_H 1
#define HAVE_STRINGS_H 1
#define HAVE_STRING_H 1
#define HAVE_SYS_STAT_H 1
#define HAVE_SYS_TYPES_H 1
#define HAVE_SYS_TYPES_H 1
#define HAVE_SYS_WAIT_H 1
#define HAVE_UNISTD_H 1
#define HAVE_UNISTD_H 1
#define HAVE_WAITPID 1
#define PACKAGE "libmad"
#define PACKAGE_BUGREPORT "support@underbit.com"
#define PACKAGE_NAME "MPEG Audio Decoder"
#define PACKAGE_STRING "MPEG Audio Decoder 0.15.1b"
#define PACKAGE_TARNAME "libmad"
#define PACKAGE_VERSION "0.15.1b"
#define SIZEOF_INT 4
#define SIZEOF_LONG 4
#define SIZEOF_LONG_LONG 8
#define STDC_HEADERS 1
#define STDC_HEADERS 1
#define VERSION "0.15.1b"
#endif
#ifdef __cplusplus
extern "C" void exit (int);

configure: exit 0
